<?xml version="1.0" encoding="UTF-8"?>
<!-- Generated by org.testng.reporters.JUnitXMLReporter -->
<testsuite ignored="0" hostname="inlen8520027833" failures="0" tests="2" name="Default test" time="36.079" errors="0" timestamp="12 Feb 2023 12:22:55 GMT">
  <testcase classname="cucumber.api.testng.AbstractTestNGCucumberTests" name="runScenario" time="19.844"/>
  <testcase classname="cucumber.api.testng.AbstractTestNGCucumberTests" name="runScenario" time="16.095"/>
</testsuite> <!-- Default test -->
