<?xml version="1.0" encoding="UTF-8"?>
<testng-results ignored="0" total="2" passed="2" failed="0" skipped="0">
  <reporter-output>
  </reporter-output>
  <suite started-at="2023-02-12T12:22:19Z" name="Default suite" finished-at="2023-02-12T12:22:55Z" duration-ms="36079">
    <groups>
      <group name="cucumber">
        <method signature="AbstractTestNGCucumberTests.runScenario(cucumber.api.testng.PickleEventWrapper, cucumber.api.testng.CucumberFeatureWrapper)[pri:0, instance:testRunner.Runner@30c93896]" name="runScenario" class="cucumber.api.testng.AbstractTestNGCucumberTests"/>
      </group> <!-- cucumber -->
    </groups>
    <test started-at="2023-02-12T12:22:19Z" name="Default test" finished-at="2023-02-12T12:22:55Z" duration-ms="36079">
      <class name="testRunner.Runner">
        <test-method is-config="true" signature="setUpClass()[pri:0, instance:testRunner.Runner@30c93896]" started-at="2023-02-12T12:22:19Z" name="setUpClass" finished-at="2023-02-12T12:22:19Z" duration-ms="90" status="PASS">
          <reporter-output>
          </reporter-output>
        </test-method> <!-- setUpClass -->
        <test-method signature="runScenario(cucumber.api.testng.PickleEventWrapper, cucumber.api.testng.CucumberFeatureWrapper)[pri:0, instance:testRunner.Runner@30c93896]" started-at="2023-02-12T12:22:19Z" name="runScenario" description="Runs Cucumber Scenarios" data-provider="scenarios" finished-at="2023-02-12T12:22:39Z" duration-ms="19844" status="PASS">
          <params>
            <param index="0">
              <value>
                <![CDATA[""]]>
              </value>
            </param>
            <param index="1">
              <value>
                <![CDATA["Login model test"]]>
              </value>
            </param>
          </params>
          <reporter-output>
          </reporter-output>
        </test-method> <!-- runScenario -->
        <test-method signature="runScenario(cucumber.api.testng.PickleEventWrapper, cucumber.api.testng.CucumberFeatureWrapper)[pri:0, instance:testRunner.Runner@30c93896]" started-at="2023-02-12T12:22:39Z" name="runScenario" description="Runs Cucumber Scenarios" data-provider="scenarios" finished-at="2023-02-12T12:22:55Z" duration-ms="16095" status="PASS">
          <params>
            <param index="0">
              <value>
                <![CDATA[""]]>
              </value>
            </param>
            <param index="1">
              <value>
                <![CDATA["Login model test"]]>
              </value>
            </param>
          </params>
          <reporter-output>
          </reporter-output>
        </test-method> <!-- runScenario -->
        <test-method is-config="true" signature="tearDownClass()[pri:0, instance:testRunner.Runner@30c93896]" started-at="2023-02-12T12:22:55Z" name="tearDownClass" finished-at="2023-02-12T12:22:55Z" duration-ms="7" status="PASS">
          <reporter-output>
          </reporter-output>
        </test-method> <!-- tearDownClass -->
      </class> <!-- testRunner.Runner -->
    </test> <!-- Default test -->
  </suite> <!-- Default suite -->
</testng-results>
